<?xml version="1.0" encoding="UTF-8"?>
<testsuite name="CalculatorTest" tests="5" skipped="0" failures="0" errors="0" timestamp="2022-04-21T20:50:22" hostname="DESKTOP-0SVUMT1" time="0.071">
  <properties/>
  <testcase name="plusTest()" classname="CalculatorTest" time="0.018"/>
  <testcase name="[1] 1" classname="CalculatorTest" time="0.02"/>
  <testcase name="[2] 2" classname="CalculatorTest" time="0.001"/>
  <testcase name="[3] 3" classname="CalculatorTest" time="0.002"/>
  <testcase name="devideTest()" classname="CalculatorTest" time="0.002"/>
  <system-out><![CDATA[]]></system-out>
  <system-err><![CDATA[]]></system-err>
</testsuite>
